  billboard.cpp
source\cpp\billboard.cpp(7): fatal error C1083: include ファイルを開けません。'billboard.h':No such file or directory
  bullet.cpp
source\cpp\bullet.cpp(7): fatal error C1083: include ファイルを開けません。'bullet.h':No such file or directory
  camera.cpp
source\cpp\camera.cpp(7): fatal error C1083: include ファイルを開けません。'camera.h':No such file or directory
  effect.cpp
source\cpp\effect.cpp(7): fatal error C1083: include ファイルを開けません。'effect.h':No such file or directory
  fade.cpp
source\cpp\fade.cpp(7): fatal error C1083: include ファイルを開けません。'fade.h':No such file or directory
  font.cpp
source\cpp\font.cpp(7): fatal error C1083: include ファイルを開けません。'font.h':No such file or directory
  gameCamera.cpp
source\cpp\gameCamera.cpp(7): fatal error C1083: include ファイルを開けません。'gameCamera.h':No such file or directory
  gameScene.cpp
source\cpp\gameScene.cpp(8): fatal error C1083: include ファイルを開けません。'gameScene.h':No such file or directory
  gauge.cpp
source\cpp\gauge.cpp(7): fatal error C1083: include ファイルを開けません。'gauge.h':No such file or directory
  gauge2D.cpp
source\cpp\gauge2D.cpp(7): fatal error C1083: include ファイルを開けません。'gauge2D.h':No such file or directory
  gauge3D.cpp
source\cpp\gauge3D.cpp(7): fatal error C1083: include ファイルを開けません。'gauge3D.h':No such file or directory
  input.cpp
source\cpp\input.cpp(7): fatal error C1083: include ファイルを開けません。'input.h':No such file or directory
  main.cpp
source\cpp\main.cpp(7): fatal error C1083: include ファイルを開けません。'main.h':No such file or directory
  manager.cpp
source\cpp\manager.cpp(7): fatal error C1083: include ファイルを開けません。'manager.h':No such file or directory
  meshcylinder.cpp
source\cpp\meshcylinder.cpp(7): fatal error C1083: include ファイルを開けません。'meshcylinder.h':No such file or directory
  meshwall.cpp
source\cpp\meshwall.cpp(7): fatal error C1083: include ファイルを開けません。'meshwall.h':No such file or directory
  model.cpp
source\cpp\model.cpp(7): fatal error C1083: include ファイルを開けません。'model.h':No such file or directory
  object.cpp
source\cpp\object.cpp(7): fatal error C1083: include ファイルを開けません。'object.h':No such file or directory
  object2D.cpp
source\cpp\object2D.cpp(7): fatal error C1083: include ファイルを開けません。'object2D.h':No such file or directory
  object3D.cpp
source\cpp\object3D.cpp(7): fatal error C1083: include ファイルを開けません。'object3D.h':No such file or directory
  コンパイル中...
  objectList.cpp
source\cpp\objectList.cpp(7): fatal error C1083: include ファイルを開けません。'objectList.h':No such file or directory
  objectModel.cpp
source\cpp\objectModel.cpp(7): fatal error C1083: include ファイルを開けません。'objectModel.h':No such file or directory
  objectModelUI.cpp
source\cpp\objectModelUI.cpp(7): fatal error C1083: include ファイルを開けません。'objectModelUI.h':No such file or directory
  objectMotion.cpp
source\cpp\objectMotion.cpp(8): fatal error C1083: include ファイルを開けません。'objectMotion.h':No such file or directory
  particle.cpp
source\cpp\particle.cpp(7): fatal error C1083: include ファイルを開けません。'particle.h':No such file or directory
  particleEffect.cpp
source\cpp\particleEffect.cpp(7): fatal error C1083: include ファイルを開けません。'particleEffect.h':No such file or directory
  pauseMenu.cpp
source\cpp\pauseMenu.cpp(7): fatal error C1083: include ファイルを開けません。'pauseMenu.h':No such file or directory
  player.cpp
source\cpp\player.cpp(7): fatal error C1083: include ファイルを開けません。'player.h':No such file or directory
  renderer.cpp
source\cpp\renderer.cpp(7): fatal error C1083: include ファイルを開けません。'renderer.h':No such file or directory
  scene.cpp
source\cpp\scene.cpp(7): fatal error C1083: include ファイルを開けません。'scene.h':No such file or directory
  score.cpp
source\cpp\score.cpp(7): fatal error C1083: include ファイルを開けません。'score.h':No such file or directory
  selectMenu.cpp
source\cpp\selectMenu.cpp(7): fatal error C1083: include ファイルを開けません。'selectMenu.h':No such file or directory
  selectMenu2D.cpp
source\cpp\selectMenu2D.cpp(7): fatal error C1083: include ファイルを開けません。'selectMenu2D.h':No such file or directory
  selectMenu3D.cpp
source\cpp\selectMenu3D.cpp(7): fatal error C1083: include ファイルを開けません。'selectMenu3D.h':No such file or directory
  sound.cpp
source\cpp\sound.cpp(7): fatal error C1083: include ファイルを開けません。'sound.h':No such file or directory
  stage.cpp
source\cpp\stage.cpp(7): fatal error C1083: include ファイルを開けません。'stage.h':No such file or directory
  terrain.cpp
source\cpp\terrain.cpp(7): fatal error C1083: include ファイルを開けません。'terrain.h':No such file or directory
  texture.cpp
source\cpp\texture.cpp(7): fatal error C1083: include ファイルを開けません。'texture.h':No such file or directory
  timer.cpp
source\cpp\timer.cpp(7): fatal error C1083: include ファイルを開けません。'timer.h':No such file or directory
  titleCamera.cpp
source\cpp\titleCamera.cpp(7): fatal error C1083: include ファイルを開けません。'titleCamera.h':No such file or directory
  コンパイル中...
  titleScene.cpp
source\cpp\titleScene.cpp(7): fatal error C1083: include ファイルを開けません。'titleScene.h':No such file or directory
  wallCylinder.cpp
source\cpp\wallCylinder.cpp(7): fatal error C1083: include ファイルを開けません。'wallCylinder.h':No such file or directory
