  billboard.cpp
  camera.cpp
  effect2D.cpp
  effect3D.cpp
  game01.cpp
game01.cpp(454): warning C4800: 'int': ブール値を 'true' または 'false' に強制的に設定します (警告の処理)
game01.cpp(733): warning C4018: '<': signed と unsigned の数値を比較しようとしました。
game01.cpp(1037): warning C4238: 非標準の拡張機能が使用されています: 右辺値のクラスが左辺値に使用されます。
game01.cpp(1108): warning C4244: '引数': 'int' から 'FLOAT' への変換です。データが失われる可能性があります。
game01.cpp(1108): warning C4238: 非標準の拡張機能が使用されています: 右辺値のクラスが左辺値に使用されます。
game01.cpp(1136): warning C4238: 非標準の拡張機能が使用されています: 右辺値のクラスが左辺値に使用されます。
game01.cpp(1137): warning C4238: 非標準の拡張機能が使用されています: 右辺値のクラスが左辺値に使用されます。
  light.cpp
  manager.cpp
  meshfield.cpp
  meshsphere.cpp
  model.cpp
  model_single.cpp
  object2D.cpp
  object3D.cpp
  renderer.cpp
  shadow.cpp
  texture.cpp
  x_load.cpp
  コード生成しています。
  0 of 1724 functions ( 0.0%) were compiled, the rest were copied from previous compilation.
    0 functions were new in current compilation
    0 functions had inline decision re-evaluated but remain unchanged
  コード生成が終了しました。
  collision_sumple_2022_05_30.vcxproj -> C:\Users\student\Documents\Visual Studio 2015\Projects\meshfield_tool_05_31\Release\collision_sumple_2022_05_30.exe
  collision_sumple_2022_05_30.vcxproj -> C:\Users\student\Documents\Visual Studio 2015\Projects\meshfield_tool_05_31\Release\collision_sumple_2022_05_30.pdb (Full PDB)
