  wallCylinder.cpp
  titleScene.cpp
  titleCamera.cpp
  timer.cpp
  texture.cpp
  terrain.cpp
  stage.cpp
  sound.cpp
  selectMenu3D.cpp
  selectMenu2D.cpp
  selectMenu.cpp
  score.cpp
  scene.cpp
  renderer.cpp
  player.cpp
  pauseMenu.cpp
  particleEffect.cpp
  particle.cpp
  objectMotion.cpp
  objectModelUI.cpp
  コードを生成中...
  コンパイル中...
  objectModel.cpp
  objectList.cpp
  object3D.cpp
  object2D.cpp
  object.cpp
  model.cpp
  meshwall.cpp
  meshcylinder.cpp
  manager.cpp
  main.cpp
  input.cpp
  gauge3D.cpp
  gauge2D.cpp
  gauge.cpp
  gameScene.cpp
  gameCamera.cpp
  font.cpp
  fade.cpp
  effect.cpp
  camera.cpp
  コードを生成中...
  コンパイル中...
  bullet.cpp
  billboard.cpp
  コードを生成中...
  LINK : 前回のインクリメンタル リンクで C:\Users\student\Documents\Visual Studio 2015\Projects\sotsugyou_time_kato\miniGame\Debug\miniGame.exe が見つからなかったか、ビルドされませんでした。フル リンクを行います。
  miniGame.vcxproj -> C:\Users\student\Documents\Visual Studio 2015\Projects\sotsugyou_time_kato\miniGame\Debug\miniGame.exe
  miniGame.vcxproj -> C:\Users\student\Documents\Visual Studio 2015\Projects\sotsugyou_time_kato\miniGame\Debug\miniGame.pdb (Full PDB)
